<?xml version="1.0" encoding="utf-8"?>
<TestRun id="28eddd0d-a2c1-46a6-b54c-6441fecb7347" name="nghin@NGHI 2024-11-01 11:25:30" runUser="NGHI\nghin" xmlns="http://microsoft.com/schemas/VisualStudio/TeamTest/2010">
  <Times creation="2024-11-01T11:25:30.1681846+11:00" queuing="2024-11-01T11:25:30.1681850+11:00" start="2024-11-01T11:25:29.1109674+11:00" finish="2024-11-01T11:25:30.1687144+11:00" />
  <TestSettings name="default" id="6f1c33de-6a0e-4a53-868d-b2f3a456c7d4">
    <Deployment runDeploymentRoot="nghin_NGHI_2024-11-01_11_25_30" />
  </TestSettings>
  <TestLists>
    <TestList name="Results Not in a List" id="8c84fa94-04c1-424b-9868-57a2d4851a1d" />
    <TestList name="All Loaded Results" id="19431567-8539-422a-85d7-44ee4e166bda" />
  </TestLists>
  <ResultSummary outcome="Completed">
    <Counters total="0" executed="0" passed="0" failed="0" error="0" timeout="0" aborted="0" inconclusive="0" passedButRunAborted="0" notRunnable="0" notExecuted="0" disconnected="0" warning="0" completed="0" inProgress="0" pending="0" />
    <RunInfos>
      <RunInfo computerName="NGHI" outcome="Warning" timestamp="2024-11-01T11:25:29.8297308+11:00">
        <Text>Failed to load extensions from file 'C:\Users\nghin\OneDrive\Desktop\food-order-system\FoodOrdering.Tests\bin\Release\net48\NUnit3.TestAdapter.dll'. Please use /diag for more information.</Text>
      </RunInfo>
      <RunInfo computerName="NGHI" outcome="Warning" timestamp="2024-11-01T11:25:30.0505945+11:00">
        <Text>No test is available in C:\Users\nghin\OneDrive\Desktop\food-order-system\FoodOrdering.Tests\bin\Release\net48\FoodOrdering.Tests.dll. Make sure that test discoverer &amp; executors are registered and platform &amp; framework version settings are appropriate and try again.</Text>
      </RunInfo>
    </RunInfos>
  </ResultSummary>
</TestRun>